{
 "cells": [
  {
   "cell_type": "markdown",
   "id": "6bd231b3",
   "metadata": {},
   "source": [
    "# The Movie Database Extraction with API\n",
    "\n",
    "Extraction of All movies from the movie database (TMDb) for analysis. \n",
    "\n",
    "Documentation: https://developers.themoviedb.org/3/getting-started/introduction"
   ]
  },
  {
   "cell_type": "markdown",
   "id": "ae6a1daa",
   "metadata": {},
   "source": [
    "### TMDb API"
   ]
  },
  {
   "cell_type": "code",
   "execution_count": 8,
   "id": "d7ed7d1c",
   "metadata": {},
   "outputs": [],
   "source": [
    "import requests\n",
    "import json\n",
    "import pandas as pd"
   ]
  },
  {
   "cell_type": "code",
   "execution_count": 23,
   "id": "055ae24f",
   "metadata": {},
   "outputs": [],
   "source": [
    "api_key = \"6a7a1d7c72791b60828e797ae72b8a50\" #the API personal key\n",
    "\n",
    "total_movies_to_retrieve = 10000 # The number of movies you want to retrieve\n",
    "movies_per_page = 20 # Retrieve 20 movies per page\n",
    "max_page_number = 1000 # The maximum number of pages we go through \n",
    "current_movie_count = 0 # How many movies are retrieved currently\n",
    "list_movies_details = [] # List to strore movies with their details "
   ]
  },
  {
   "cell_type": "code",
   "execution_count": 32,
   "id": "443ba4f1",
   "metadata": {},
   "outputs": [
    {
     "ename": "ConnectionError",
     "evalue": "('Connection aborted.', OSError(65, 'No route to host'))",
     "output_type": "error",
     "traceback": [
      "\u001b[0;31m---------------------------------------------------------------------------\u001b[0m",
      "\u001b[0;31mOSError\u001b[0m                                   Traceback (most recent call last)",
      "\u001b[0;32m~/opt/anaconda3/lib/python3.9/site-packages/urllib3/connectionpool.py\u001b[0m in \u001b[0;36murlopen\u001b[0;34m(self, method, url, body, headers, retries, redirect, assert_same_host, timeout, pool_timeout, release_conn, chunked, body_pos, **response_kw)\u001b[0m\n\u001b[1;32m    702\u001b[0m             \u001b[0;31m# Make the request on the httplib connection object.\u001b[0m\u001b[0;34m\u001b[0m\u001b[0;34m\u001b[0m\u001b[0m\n\u001b[0;32m--> 703\u001b[0;31m             httplib_response = self._make_request(\n\u001b[0m\u001b[1;32m    704\u001b[0m                 \u001b[0mconn\u001b[0m\u001b[0;34m,\u001b[0m\u001b[0;34m\u001b[0m\u001b[0;34m\u001b[0m\u001b[0m\n",
      "\u001b[0;32m~/opt/anaconda3/lib/python3.9/site-packages/urllib3/connectionpool.py\u001b[0m in \u001b[0;36m_make_request\u001b[0;34m(self, conn, method, url, timeout, chunked, **httplib_request_kw)\u001b[0m\n\u001b[1;32m    448\u001b[0m                     \u001b[0;31m# Otherwise it looks like a bug in the code.\u001b[0m\u001b[0;34m\u001b[0m\u001b[0;34m\u001b[0m\u001b[0m\n\u001b[0;32m--> 449\u001b[0;31m                     \u001b[0msix\u001b[0m\u001b[0;34m.\u001b[0m\u001b[0mraise_from\u001b[0m\u001b[0;34m(\u001b[0m\u001b[0me\u001b[0m\u001b[0;34m,\u001b[0m \u001b[0;32mNone\u001b[0m\u001b[0;34m)\u001b[0m\u001b[0;34m\u001b[0m\u001b[0;34m\u001b[0m\u001b[0m\n\u001b[0m\u001b[1;32m    450\u001b[0m         \u001b[0;32mexcept\u001b[0m \u001b[0;34m(\u001b[0m\u001b[0mSocketTimeout\u001b[0m\u001b[0;34m,\u001b[0m \u001b[0mBaseSSLError\u001b[0m\u001b[0;34m,\u001b[0m \u001b[0mSocketError\u001b[0m\u001b[0;34m)\u001b[0m \u001b[0;32mas\u001b[0m \u001b[0me\u001b[0m\u001b[0;34m:\u001b[0m\u001b[0;34m\u001b[0m\u001b[0;34m\u001b[0m\u001b[0m\n",
      "\u001b[0;32m~/opt/anaconda3/lib/python3.9/site-packages/urllib3/packages/six.py\u001b[0m in \u001b[0;36mraise_from\u001b[0;34m(value, from_value)\u001b[0m\n",
      "\u001b[0;32m~/opt/anaconda3/lib/python3.9/site-packages/urllib3/connectionpool.py\u001b[0m in \u001b[0;36m_make_request\u001b[0;34m(self, conn, method, url, timeout, chunked, **httplib_request_kw)\u001b[0m\n\u001b[1;32m    443\u001b[0m                 \u001b[0;32mtry\u001b[0m\u001b[0;34m:\u001b[0m\u001b[0;34m\u001b[0m\u001b[0;34m\u001b[0m\u001b[0m\n\u001b[0;32m--> 444\u001b[0;31m                     \u001b[0mhttplib_response\u001b[0m \u001b[0;34m=\u001b[0m \u001b[0mconn\u001b[0m\u001b[0;34m.\u001b[0m\u001b[0mgetresponse\u001b[0m\u001b[0;34m(\u001b[0m\u001b[0;34m)\u001b[0m\u001b[0;34m\u001b[0m\u001b[0;34m\u001b[0m\u001b[0m\n\u001b[0m\u001b[1;32m    445\u001b[0m                 \u001b[0;32mexcept\u001b[0m \u001b[0mBaseException\u001b[0m \u001b[0;32mas\u001b[0m \u001b[0me\u001b[0m\u001b[0;34m:\u001b[0m\u001b[0;34m\u001b[0m\u001b[0;34m\u001b[0m\u001b[0m\n",
      "\u001b[0;32m~/opt/anaconda3/lib/python3.9/http/client.py\u001b[0m in \u001b[0;36mgetresponse\u001b[0;34m(self)\u001b[0m\n\u001b[1;32m   1376\u001b[0m             \u001b[0;32mtry\u001b[0m\u001b[0;34m:\u001b[0m\u001b[0;34m\u001b[0m\u001b[0;34m\u001b[0m\u001b[0m\n\u001b[0;32m-> 1377\u001b[0;31m                 \u001b[0mresponse\u001b[0m\u001b[0;34m.\u001b[0m\u001b[0mbegin\u001b[0m\u001b[0;34m(\u001b[0m\u001b[0;34m)\u001b[0m\u001b[0;34m\u001b[0m\u001b[0;34m\u001b[0m\u001b[0m\n\u001b[0m\u001b[1;32m   1378\u001b[0m             \u001b[0;32mexcept\u001b[0m \u001b[0mConnectionError\u001b[0m\u001b[0;34m:\u001b[0m\u001b[0;34m\u001b[0m\u001b[0;34m\u001b[0m\u001b[0m\n",
      "\u001b[0;32m~/opt/anaconda3/lib/python3.9/http/client.py\u001b[0m in \u001b[0;36mbegin\u001b[0;34m(self)\u001b[0m\n\u001b[1;32m    319\u001b[0m         \u001b[0;32mwhile\u001b[0m \u001b[0;32mTrue\u001b[0m\u001b[0;34m:\u001b[0m\u001b[0;34m\u001b[0m\u001b[0;34m\u001b[0m\u001b[0m\n\u001b[0;32m--> 320\u001b[0;31m             \u001b[0mversion\u001b[0m\u001b[0;34m,\u001b[0m \u001b[0mstatus\u001b[0m\u001b[0;34m,\u001b[0m \u001b[0mreason\u001b[0m \u001b[0;34m=\u001b[0m \u001b[0mself\u001b[0m\u001b[0;34m.\u001b[0m\u001b[0m_read_status\u001b[0m\u001b[0;34m(\u001b[0m\u001b[0;34m)\u001b[0m\u001b[0;34m\u001b[0m\u001b[0;34m\u001b[0m\u001b[0m\n\u001b[0m\u001b[1;32m    321\u001b[0m             \u001b[0;32mif\u001b[0m \u001b[0mstatus\u001b[0m \u001b[0;34m!=\u001b[0m \u001b[0mCONTINUE\u001b[0m\u001b[0;34m:\u001b[0m\u001b[0;34m\u001b[0m\u001b[0;34m\u001b[0m\u001b[0m\n",
      "\u001b[0;32m~/opt/anaconda3/lib/python3.9/http/client.py\u001b[0m in \u001b[0;36m_read_status\u001b[0;34m(self)\u001b[0m\n\u001b[1;32m    280\u001b[0m     \u001b[0;32mdef\u001b[0m \u001b[0m_read_status\u001b[0m\u001b[0;34m(\u001b[0m\u001b[0mself\u001b[0m\u001b[0;34m)\u001b[0m\u001b[0;34m:\u001b[0m\u001b[0;34m\u001b[0m\u001b[0;34m\u001b[0m\u001b[0m\n\u001b[0;32m--> 281\u001b[0;31m         \u001b[0mline\u001b[0m \u001b[0;34m=\u001b[0m \u001b[0mstr\u001b[0m\u001b[0;34m(\u001b[0m\u001b[0mself\u001b[0m\u001b[0;34m.\u001b[0m\u001b[0mfp\u001b[0m\u001b[0;34m.\u001b[0m\u001b[0mreadline\u001b[0m\u001b[0;34m(\u001b[0m\u001b[0m_MAXLINE\u001b[0m \u001b[0;34m+\u001b[0m \u001b[0;36m1\u001b[0m\u001b[0;34m)\u001b[0m\u001b[0;34m,\u001b[0m \u001b[0;34m\"iso-8859-1\"\u001b[0m\u001b[0;34m)\u001b[0m\u001b[0;34m\u001b[0m\u001b[0;34m\u001b[0m\u001b[0m\n\u001b[0m\u001b[1;32m    282\u001b[0m         \u001b[0;32mif\u001b[0m \u001b[0mlen\u001b[0m\u001b[0;34m(\u001b[0m\u001b[0mline\u001b[0m\u001b[0;34m)\u001b[0m \u001b[0;34m>\u001b[0m \u001b[0m_MAXLINE\u001b[0m\u001b[0;34m:\u001b[0m\u001b[0;34m\u001b[0m\u001b[0;34m\u001b[0m\u001b[0m\n",
      "\u001b[0;32m~/opt/anaconda3/lib/python3.9/socket.py\u001b[0m in \u001b[0;36mreadinto\u001b[0;34m(self, b)\u001b[0m\n\u001b[1;32m    703\u001b[0m             \u001b[0;32mtry\u001b[0m\u001b[0;34m:\u001b[0m\u001b[0;34m\u001b[0m\u001b[0;34m\u001b[0m\u001b[0m\n\u001b[0;32m--> 704\u001b[0;31m                 \u001b[0;32mreturn\u001b[0m \u001b[0mself\u001b[0m\u001b[0;34m.\u001b[0m\u001b[0m_sock\u001b[0m\u001b[0;34m.\u001b[0m\u001b[0mrecv_into\u001b[0m\u001b[0;34m(\u001b[0m\u001b[0mb\u001b[0m\u001b[0;34m)\u001b[0m\u001b[0;34m\u001b[0m\u001b[0;34m\u001b[0m\u001b[0m\n\u001b[0m\u001b[1;32m    705\u001b[0m             \u001b[0;32mexcept\u001b[0m \u001b[0mtimeout\u001b[0m\u001b[0;34m:\u001b[0m\u001b[0;34m\u001b[0m\u001b[0;34m\u001b[0m\u001b[0m\n",
      "\u001b[0;32m~/opt/anaconda3/lib/python3.9/ssl.py\u001b[0m in \u001b[0;36mrecv_into\u001b[0;34m(self, buffer, nbytes, flags)\u001b[0m\n\u001b[1;32m   1241\u001b[0m                   self.__class__)\n\u001b[0;32m-> 1242\u001b[0;31m             \u001b[0;32mreturn\u001b[0m \u001b[0mself\u001b[0m\u001b[0;34m.\u001b[0m\u001b[0mread\u001b[0m\u001b[0;34m(\u001b[0m\u001b[0mnbytes\u001b[0m\u001b[0;34m,\u001b[0m \u001b[0mbuffer\u001b[0m\u001b[0;34m)\u001b[0m\u001b[0;34m\u001b[0m\u001b[0;34m\u001b[0m\u001b[0m\n\u001b[0m\u001b[1;32m   1243\u001b[0m         \u001b[0;32melse\u001b[0m\u001b[0;34m:\u001b[0m\u001b[0;34m\u001b[0m\u001b[0;34m\u001b[0m\u001b[0m\n",
      "\u001b[0;32m~/opt/anaconda3/lib/python3.9/ssl.py\u001b[0m in \u001b[0;36mread\u001b[0;34m(self, len, buffer)\u001b[0m\n\u001b[1;32m   1099\u001b[0m             \u001b[0;32mif\u001b[0m \u001b[0mbuffer\u001b[0m \u001b[0;32mis\u001b[0m \u001b[0;32mnot\u001b[0m \u001b[0;32mNone\u001b[0m\u001b[0;34m:\u001b[0m\u001b[0;34m\u001b[0m\u001b[0;34m\u001b[0m\u001b[0m\n\u001b[0;32m-> 1100\u001b[0;31m                 \u001b[0;32mreturn\u001b[0m \u001b[0mself\u001b[0m\u001b[0;34m.\u001b[0m\u001b[0m_sslobj\u001b[0m\u001b[0;34m.\u001b[0m\u001b[0mread\u001b[0m\u001b[0;34m(\u001b[0m\u001b[0mlen\u001b[0m\u001b[0;34m,\u001b[0m \u001b[0mbuffer\u001b[0m\u001b[0;34m)\u001b[0m\u001b[0;34m\u001b[0m\u001b[0;34m\u001b[0m\u001b[0m\n\u001b[0m\u001b[1;32m   1101\u001b[0m             \u001b[0;32melse\u001b[0m\u001b[0;34m:\u001b[0m\u001b[0;34m\u001b[0m\u001b[0;34m\u001b[0m\u001b[0m\n",
      "\u001b[0;31mOSError\u001b[0m: [Errno 65] No route to host",
      "\nDuring handling of the above exception, another exception occurred:\n",
      "\u001b[0;31mProtocolError\u001b[0m                             Traceback (most recent call last)",
      "\u001b[0;32m~/opt/anaconda3/lib/python3.9/site-packages/requests/adapters.py\u001b[0m in \u001b[0;36msend\u001b[0;34m(self, request, stream, timeout, verify, cert, proxies)\u001b[0m\n\u001b[1;32m    488\u001b[0m             \u001b[0;32mif\u001b[0m \u001b[0;32mnot\u001b[0m \u001b[0mchunked\u001b[0m\u001b[0;34m:\u001b[0m\u001b[0;34m\u001b[0m\u001b[0;34m\u001b[0m\u001b[0m\n\u001b[0;32m--> 489\u001b[0;31m                 resp = conn.urlopen(\n\u001b[0m\u001b[1;32m    490\u001b[0m                     \u001b[0mmethod\u001b[0m\u001b[0;34m=\u001b[0m\u001b[0mrequest\u001b[0m\u001b[0;34m.\u001b[0m\u001b[0mmethod\u001b[0m\u001b[0;34m,\u001b[0m\u001b[0;34m\u001b[0m\u001b[0;34m\u001b[0m\u001b[0m\n",
      "\u001b[0;32m~/opt/anaconda3/lib/python3.9/site-packages/urllib3/connectionpool.py\u001b[0m in \u001b[0;36murlopen\u001b[0;34m(self, method, url, body, headers, retries, redirect, assert_same_host, timeout, pool_timeout, release_conn, chunked, body_pos, **response_kw)\u001b[0m\n\u001b[1;32m    786\u001b[0m \u001b[0;34m\u001b[0m\u001b[0m\n\u001b[0;32m--> 787\u001b[0;31m             retries = retries.increment(\n\u001b[0m\u001b[1;32m    788\u001b[0m                 \u001b[0mmethod\u001b[0m\u001b[0;34m,\u001b[0m \u001b[0murl\u001b[0m\u001b[0;34m,\u001b[0m \u001b[0merror\u001b[0m\u001b[0;34m=\u001b[0m\u001b[0me\u001b[0m\u001b[0;34m,\u001b[0m \u001b[0m_pool\u001b[0m\u001b[0;34m=\u001b[0m\u001b[0mself\u001b[0m\u001b[0;34m,\u001b[0m \u001b[0m_stacktrace\u001b[0m\u001b[0;34m=\u001b[0m\u001b[0msys\u001b[0m\u001b[0;34m.\u001b[0m\u001b[0mexc_info\u001b[0m\u001b[0;34m(\u001b[0m\u001b[0;34m)\u001b[0m\u001b[0;34m[\u001b[0m\u001b[0;36m2\u001b[0m\u001b[0;34m]\u001b[0m\u001b[0;34m\u001b[0m\u001b[0;34m\u001b[0m\u001b[0m\n",
      "\u001b[0;32m~/opt/anaconda3/lib/python3.9/site-packages/urllib3/util/retry.py\u001b[0m in \u001b[0;36mincrement\u001b[0;34m(self, method, url, response, error, _pool, _stacktrace)\u001b[0m\n\u001b[1;32m    549\u001b[0m             \u001b[0;32mif\u001b[0m \u001b[0mread\u001b[0m \u001b[0;32mis\u001b[0m \u001b[0;32mFalse\u001b[0m \u001b[0;32mor\u001b[0m \u001b[0;32mnot\u001b[0m \u001b[0mself\u001b[0m\u001b[0;34m.\u001b[0m\u001b[0m_is_method_retryable\u001b[0m\u001b[0;34m(\u001b[0m\u001b[0mmethod\u001b[0m\u001b[0;34m)\u001b[0m\u001b[0;34m:\u001b[0m\u001b[0;34m\u001b[0m\u001b[0;34m\u001b[0m\u001b[0m\n\u001b[0;32m--> 550\u001b[0;31m                 \u001b[0;32mraise\u001b[0m \u001b[0msix\u001b[0m\u001b[0;34m.\u001b[0m\u001b[0mreraise\u001b[0m\u001b[0;34m(\u001b[0m\u001b[0mtype\u001b[0m\u001b[0;34m(\u001b[0m\u001b[0merror\u001b[0m\u001b[0;34m)\u001b[0m\u001b[0;34m,\u001b[0m \u001b[0merror\u001b[0m\u001b[0;34m,\u001b[0m \u001b[0m_stacktrace\u001b[0m\u001b[0;34m)\u001b[0m\u001b[0;34m\u001b[0m\u001b[0;34m\u001b[0m\u001b[0m\n\u001b[0m\u001b[1;32m    551\u001b[0m             \u001b[0;32melif\u001b[0m \u001b[0mread\u001b[0m \u001b[0;32mis\u001b[0m \u001b[0;32mnot\u001b[0m \u001b[0;32mNone\u001b[0m\u001b[0;34m:\u001b[0m\u001b[0;34m\u001b[0m\u001b[0;34m\u001b[0m\u001b[0m\n",
      "\u001b[0;32m~/opt/anaconda3/lib/python3.9/site-packages/urllib3/packages/six.py\u001b[0m in \u001b[0;36mreraise\u001b[0;34m(tp, value, tb)\u001b[0m\n\u001b[1;32m    768\u001b[0m             \u001b[0;32mif\u001b[0m \u001b[0mvalue\u001b[0m\u001b[0;34m.\u001b[0m\u001b[0m__traceback__\u001b[0m \u001b[0;32mis\u001b[0m \u001b[0;32mnot\u001b[0m \u001b[0mtb\u001b[0m\u001b[0;34m:\u001b[0m\u001b[0;34m\u001b[0m\u001b[0;34m\u001b[0m\u001b[0m\n\u001b[0;32m--> 769\u001b[0;31m                 \u001b[0;32mraise\u001b[0m \u001b[0mvalue\u001b[0m\u001b[0;34m.\u001b[0m\u001b[0mwith_traceback\u001b[0m\u001b[0;34m(\u001b[0m\u001b[0mtb\u001b[0m\u001b[0;34m)\u001b[0m\u001b[0;34m\u001b[0m\u001b[0;34m\u001b[0m\u001b[0m\n\u001b[0m\u001b[1;32m    770\u001b[0m             \u001b[0;32mraise\u001b[0m \u001b[0mvalue\u001b[0m\u001b[0;34m\u001b[0m\u001b[0;34m\u001b[0m\u001b[0m\n",
      "\u001b[0;32m~/opt/anaconda3/lib/python3.9/site-packages/urllib3/connectionpool.py\u001b[0m in \u001b[0;36murlopen\u001b[0;34m(self, method, url, body, headers, retries, redirect, assert_same_host, timeout, pool_timeout, release_conn, chunked, body_pos, **response_kw)\u001b[0m\n\u001b[1;32m    702\u001b[0m             \u001b[0;31m# Make the request on the httplib connection object.\u001b[0m\u001b[0;34m\u001b[0m\u001b[0;34m\u001b[0m\u001b[0m\n\u001b[0;32m--> 703\u001b[0;31m             httplib_response = self._make_request(\n\u001b[0m\u001b[1;32m    704\u001b[0m                 \u001b[0mconn\u001b[0m\u001b[0;34m,\u001b[0m\u001b[0;34m\u001b[0m\u001b[0;34m\u001b[0m\u001b[0m\n",
      "\u001b[0;32m~/opt/anaconda3/lib/python3.9/site-packages/urllib3/connectionpool.py\u001b[0m in \u001b[0;36m_make_request\u001b[0;34m(self, conn, method, url, timeout, chunked, **httplib_request_kw)\u001b[0m\n\u001b[1;32m    448\u001b[0m                     \u001b[0;31m# Otherwise it looks like a bug in the code.\u001b[0m\u001b[0;34m\u001b[0m\u001b[0;34m\u001b[0m\u001b[0m\n\u001b[0;32m--> 449\u001b[0;31m                     \u001b[0msix\u001b[0m\u001b[0;34m.\u001b[0m\u001b[0mraise_from\u001b[0m\u001b[0;34m(\u001b[0m\u001b[0me\u001b[0m\u001b[0;34m,\u001b[0m \u001b[0;32mNone\u001b[0m\u001b[0;34m)\u001b[0m\u001b[0;34m\u001b[0m\u001b[0;34m\u001b[0m\u001b[0m\n\u001b[0m\u001b[1;32m    450\u001b[0m         \u001b[0;32mexcept\u001b[0m \u001b[0;34m(\u001b[0m\u001b[0mSocketTimeout\u001b[0m\u001b[0;34m,\u001b[0m \u001b[0mBaseSSLError\u001b[0m\u001b[0;34m,\u001b[0m \u001b[0mSocketError\u001b[0m\u001b[0;34m)\u001b[0m \u001b[0;32mas\u001b[0m \u001b[0me\u001b[0m\u001b[0;34m:\u001b[0m\u001b[0;34m\u001b[0m\u001b[0;34m\u001b[0m\u001b[0m\n",
      "\u001b[0;32m~/opt/anaconda3/lib/python3.9/site-packages/urllib3/packages/six.py\u001b[0m in \u001b[0;36mraise_from\u001b[0;34m(value, from_value)\u001b[0m\n",
      "\u001b[0;32m~/opt/anaconda3/lib/python3.9/site-packages/urllib3/connectionpool.py\u001b[0m in \u001b[0;36m_make_request\u001b[0;34m(self, conn, method, url, timeout, chunked, **httplib_request_kw)\u001b[0m\n\u001b[1;32m    443\u001b[0m                 \u001b[0;32mtry\u001b[0m\u001b[0;34m:\u001b[0m\u001b[0;34m\u001b[0m\u001b[0;34m\u001b[0m\u001b[0m\n\u001b[0;32m--> 444\u001b[0;31m                     \u001b[0mhttplib_response\u001b[0m \u001b[0;34m=\u001b[0m \u001b[0mconn\u001b[0m\u001b[0;34m.\u001b[0m\u001b[0mgetresponse\u001b[0m\u001b[0;34m(\u001b[0m\u001b[0;34m)\u001b[0m\u001b[0;34m\u001b[0m\u001b[0;34m\u001b[0m\u001b[0m\n\u001b[0m\u001b[1;32m    445\u001b[0m                 \u001b[0;32mexcept\u001b[0m \u001b[0mBaseException\u001b[0m \u001b[0;32mas\u001b[0m \u001b[0me\u001b[0m\u001b[0;34m:\u001b[0m\u001b[0;34m\u001b[0m\u001b[0;34m\u001b[0m\u001b[0m\n",
      "\u001b[0;32m~/opt/anaconda3/lib/python3.9/http/client.py\u001b[0m in \u001b[0;36mgetresponse\u001b[0;34m(self)\u001b[0m\n\u001b[1;32m   1376\u001b[0m             \u001b[0;32mtry\u001b[0m\u001b[0;34m:\u001b[0m\u001b[0;34m\u001b[0m\u001b[0;34m\u001b[0m\u001b[0m\n\u001b[0;32m-> 1377\u001b[0;31m                 \u001b[0mresponse\u001b[0m\u001b[0;34m.\u001b[0m\u001b[0mbegin\u001b[0m\u001b[0;34m(\u001b[0m\u001b[0;34m)\u001b[0m\u001b[0;34m\u001b[0m\u001b[0;34m\u001b[0m\u001b[0m\n\u001b[0m\u001b[1;32m   1378\u001b[0m             \u001b[0;32mexcept\u001b[0m \u001b[0mConnectionError\u001b[0m\u001b[0;34m:\u001b[0m\u001b[0;34m\u001b[0m\u001b[0;34m\u001b[0m\u001b[0m\n",
      "\u001b[0;32m~/opt/anaconda3/lib/python3.9/http/client.py\u001b[0m in \u001b[0;36mbegin\u001b[0;34m(self)\u001b[0m\n\u001b[1;32m    319\u001b[0m         \u001b[0;32mwhile\u001b[0m \u001b[0;32mTrue\u001b[0m\u001b[0;34m:\u001b[0m\u001b[0;34m\u001b[0m\u001b[0;34m\u001b[0m\u001b[0m\n\u001b[0;32m--> 320\u001b[0;31m             \u001b[0mversion\u001b[0m\u001b[0;34m,\u001b[0m \u001b[0mstatus\u001b[0m\u001b[0;34m,\u001b[0m \u001b[0mreason\u001b[0m \u001b[0;34m=\u001b[0m \u001b[0mself\u001b[0m\u001b[0;34m.\u001b[0m\u001b[0m_read_status\u001b[0m\u001b[0;34m(\u001b[0m\u001b[0;34m)\u001b[0m\u001b[0;34m\u001b[0m\u001b[0;34m\u001b[0m\u001b[0m\n\u001b[0m\u001b[1;32m    321\u001b[0m             \u001b[0;32mif\u001b[0m \u001b[0mstatus\u001b[0m \u001b[0;34m!=\u001b[0m \u001b[0mCONTINUE\u001b[0m\u001b[0;34m:\u001b[0m\u001b[0;34m\u001b[0m\u001b[0;34m\u001b[0m\u001b[0m\n",
      "\u001b[0;32m~/opt/anaconda3/lib/python3.9/http/client.py\u001b[0m in \u001b[0;36m_read_status\u001b[0;34m(self)\u001b[0m\n\u001b[1;32m    280\u001b[0m     \u001b[0;32mdef\u001b[0m \u001b[0m_read_status\u001b[0m\u001b[0;34m(\u001b[0m\u001b[0mself\u001b[0m\u001b[0;34m)\u001b[0m\u001b[0;34m:\u001b[0m\u001b[0;34m\u001b[0m\u001b[0;34m\u001b[0m\u001b[0m\n\u001b[0;32m--> 281\u001b[0;31m         \u001b[0mline\u001b[0m \u001b[0;34m=\u001b[0m \u001b[0mstr\u001b[0m\u001b[0;34m(\u001b[0m\u001b[0mself\u001b[0m\u001b[0;34m.\u001b[0m\u001b[0mfp\u001b[0m\u001b[0;34m.\u001b[0m\u001b[0mreadline\u001b[0m\u001b[0;34m(\u001b[0m\u001b[0m_MAXLINE\u001b[0m \u001b[0;34m+\u001b[0m \u001b[0;36m1\u001b[0m\u001b[0;34m)\u001b[0m\u001b[0;34m,\u001b[0m \u001b[0;34m\"iso-8859-1\"\u001b[0m\u001b[0;34m)\u001b[0m\u001b[0;34m\u001b[0m\u001b[0;34m\u001b[0m\u001b[0m\n\u001b[0m\u001b[1;32m    282\u001b[0m         \u001b[0;32mif\u001b[0m \u001b[0mlen\u001b[0m\u001b[0;34m(\u001b[0m\u001b[0mline\u001b[0m\u001b[0;34m)\u001b[0m \u001b[0;34m>\u001b[0m \u001b[0m_MAXLINE\u001b[0m\u001b[0;34m:\u001b[0m\u001b[0;34m\u001b[0m\u001b[0;34m\u001b[0m\u001b[0m\n",
      "\u001b[0;32m~/opt/anaconda3/lib/python3.9/socket.py\u001b[0m in \u001b[0;36mreadinto\u001b[0;34m(self, b)\u001b[0m\n\u001b[1;32m    703\u001b[0m             \u001b[0;32mtry\u001b[0m\u001b[0;34m:\u001b[0m\u001b[0;34m\u001b[0m\u001b[0;34m\u001b[0m\u001b[0m\n\u001b[0;32m--> 704\u001b[0;31m                 \u001b[0;32mreturn\u001b[0m \u001b[0mself\u001b[0m\u001b[0;34m.\u001b[0m\u001b[0m_sock\u001b[0m\u001b[0;34m.\u001b[0m\u001b[0mrecv_into\u001b[0m\u001b[0;34m(\u001b[0m\u001b[0mb\u001b[0m\u001b[0;34m)\u001b[0m\u001b[0;34m\u001b[0m\u001b[0;34m\u001b[0m\u001b[0m\n\u001b[0m\u001b[1;32m    705\u001b[0m             \u001b[0;32mexcept\u001b[0m \u001b[0mtimeout\u001b[0m\u001b[0;34m:\u001b[0m\u001b[0;34m\u001b[0m\u001b[0;34m\u001b[0m\u001b[0m\n",
      "\u001b[0;32m~/opt/anaconda3/lib/python3.9/ssl.py\u001b[0m in \u001b[0;36mrecv_into\u001b[0;34m(self, buffer, nbytes, flags)\u001b[0m\n\u001b[1;32m   1241\u001b[0m                   self.__class__)\n\u001b[0;32m-> 1242\u001b[0;31m             \u001b[0;32mreturn\u001b[0m \u001b[0mself\u001b[0m\u001b[0;34m.\u001b[0m\u001b[0mread\u001b[0m\u001b[0;34m(\u001b[0m\u001b[0mnbytes\u001b[0m\u001b[0;34m,\u001b[0m \u001b[0mbuffer\u001b[0m\u001b[0;34m)\u001b[0m\u001b[0;34m\u001b[0m\u001b[0;34m\u001b[0m\u001b[0m\n\u001b[0m\u001b[1;32m   1243\u001b[0m         \u001b[0;32melse\u001b[0m\u001b[0;34m:\u001b[0m\u001b[0;34m\u001b[0m\u001b[0;34m\u001b[0m\u001b[0m\n",
      "\u001b[0;32m~/opt/anaconda3/lib/python3.9/ssl.py\u001b[0m in \u001b[0;36mread\u001b[0;34m(self, len, buffer)\u001b[0m\n\u001b[1;32m   1099\u001b[0m             \u001b[0;32mif\u001b[0m \u001b[0mbuffer\u001b[0m \u001b[0;32mis\u001b[0m \u001b[0;32mnot\u001b[0m \u001b[0;32mNone\u001b[0m\u001b[0;34m:\u001b[0m\u001b[0;34m\u001b[0m\u001b[0;34m\u001b[0m\u001b[0m\n\u001b[0;32m-> 1100\u001b[0;31m                 \u001b[0;32mreturn\u001b[0m \u001b[0mself\u001b[0m\u001b[0;34m.\u001b[0m\u001b[0m_sslobj\u001b[0m\u001b[0;34m.\u001b[0m\u001b[0mread\u001b[0m\u001b[0;34m(\u001b[0m\u001b[0mlen\u001b[0m\u001b[0;34m,\u001b[0m \u001b[0mbuffer\u001b[0m\u001b[0;34m)\u001b[0m\u001b[0;34m\u001b[0m\u001b[0;34m\u001b[0m\u001b[0m\n\u001b[0m\u001b[1;32m   1101\u001b[0m             \u001b[0;32melse\u001b[0m\u001b[0;34m:\u001b[0m\u001b[0;34m\u001b[0m\u001b[0;34m\u001b[0m\u001b[0m\n",
      "\u001b[0;31mProtocolError\u001b[0m: ('Connection aborted.', OSError(65, 'No route to host'))",
      "\nDuring handling of the above exception, another exception occurred:\n",
      "\u001b[0;31mConnectionError\u001b[0m                           Traceback (most recent call last)",
      "\u001b[0;32m/var/folders/w2/ytt3rzld1fq08gzv4f1k22zh0000gp/T/ipykernel_19546/103968060.py\u001b[0m in \u001b[0;36m<module>\u001b[0;34m\u001b[0m\n\u001b[1;32m     24\u001b[0m         \u001b[0murl_2\u001b[0m \u001b[0;34m=\u001b[0m \u001b[0;34m\"https://api.themoviedb.org/3/movie/\"\u001b[0m \u001b[0;34m+\u001b[0m \u001b[0mstr\u001b[0m\u001b[0;34m(\u001b[0m\u001b[0mid\u001b[0m\u001b[0;34m)\u001b[0m \u001b[0;34m+\u001b[0m \u001b[0;34m\"?api_key=\"\u001b[0m \u001b[0;34m+\u001b[0m \u001b[0mapi_key\u001b[0m\u001b[0;34m\u001b[0m\u001b[0;34m\u001b[0m\u001b[0m\n\u001b[1;32m     25\u001b[0m \u001b[0;34m\u001b[0m\u001b[0m\n\u001b[0;32m---> 26\u001b[0;31m         \u001b[0mresponse_2\u001b[0m \u001b[0;34m=\u001b[0m \u001b[0mrequests\u001b[0m\u001b[0;34m.\u001b[0m\u001b[0mget\u001b[0m\u001b[0;34m(\u001b[0m\u001b[0murl_2\u001b[0m\u001b[0;34m)\u001b[0m\u001b[0;34m\u001b[0m\u001b[0;34m\u001b[0m\u001b[0m\n\u001b[0m\u001b[1;32m     27\u001b[0m         \u001b[0mmovie_detail\u001b[0m \u001b[0;34m=\u001b[0m \u001b[0mjson\u001b[0m\u001b[0;34m.\u001b[0m\u001b[0mloads\u001b[0m\u001b[0;34m(\u001b[0m\u001b[0mresponse_2\u001b[0m\u001b[0;34m.\u001b[0m\u001b[0mtext\u001b[0m\u001b[0;34m)\u001b[0m\u001b[0;34m\u001b[0m\u001b[0;34m\u001b[0m\u001b[0m\n\u001b[1;32m     28\u001b[0m \u001b[0;34m\u001b[0m\u001b[0m\n",
      "\u001b[0;32m~/opt/anaconda3/lib/python3.9/site-packages/requests/api.py\u001b[0m in \u001b[0;36mget\u001b[0;34m(url, params, **kwargs)\u001b[0m\n\u001b[1;32m     71\u001b[0m     \"\"\"\n\u001b[1;32m     72\u001b[0m \u001b[0;34m\u001b[0m\u001b[0m\n\u001b[0;32m---> 73\u001b[0;31m     \u001b[0;32mreturn\u001b[0m \u001b[0mrequest\u001b[0m\u001b[0;34m(\u001b[0m\u001b[0;34m\"get\"\u001b[0m\u001b[0;34m,\u001b[0m \u001b[0murl\u001b[0m\u001b[0;34m,\u001b[0m \u001b[0mparams\u001b[0m\u001b[0;34m=\u001b[0m\u001b[0mparams\u001b[0m\u001b[0;34m,\u001b[0m \u001b[0;34m**\u001b[0m\u001b[0mkwargs\u001b[0m\u001b[0;34m)\u001b[0m\u001b[0;34m\u001b[0m\u001b[0;34m\u001b[0m\u001b[0m\n\u001b[0m\u001b[1;32m     74\u001b[0m \u001b[0;34m\u001b[0m\u001b[0m\n\u001b[1;32m     75\u001b[0m \u001b[0;34m\u001b[0m\u001b[0m\n",
      "\u001b[0;32m~/opt/anaconda3/lib/python3.9/site-packages/requests/api.py\u001b[0m in \u001b[0;36mrequest\u001b[0;34m(method, url, **kwargs)\u001b[0m\n\u001b[1;32m     57\u001b[0m     \u001b[0;31m# cases, and look like a memory leak in others.\u001b[0m\u001b[0;34m\u001b[0m\u001b[0;34m\u001b[0m\u001b[0m\n\u001b[1;32m     58\u001b[0m     \u001b[0;32mwith\u001b[0m \u001b[0msessions\u001b[0m\u001b[0;34m.\u001b[0m\u001b[0mSession\u001b[0m\u001b[0;34m(\u001b[0m\u001b[0;34m)\u001b[0m \u001b[0;32mas\u001b[0m \u001b[0msession\u001b[0m\u001b[0;34m:\u001b[0m\u001b[0;34m\u001b[0m\u001b[0;34m\u001b[0m\u001b[0m\n\u001b[0;32m---> 59\u001b[0;31m         \u001b[0;32mreturn\u001b[0m \u001b[0msession\u001b[0m\u001b[0;34m.\u001b[0m\u001b[0mrequest\u001b[0m\u001b[0;34m(\u001b[0m\u001b[0mmethod\u001b[0m\u001b[0;34m=\u001b[0m\u001b[0mmethod\u001b[0m\u001b[0;34m,\u001b[0m \u001b[0murl\u001b[0m\u001b[0;34m=\u001b[0m\u001b[0murl\u001b[0m\u001b[0;34m,\u001b[0m \u001b[0;34m**\u001b[0m\u001b[0mkwargs\u001b[0m\u001b[0;34m)\u001b[0m\u001b[0;34m\u001b[0m\u001b[0;34m\u001b[0m\u001b[0m\n\u001b[0m\u001b[1;32m     60\u001b[0m \u001b[0;34m\u001b[0m\u001b[0m\n\u001b[1;32m     61\u001b[0m \u001b[0;34m\u001b[0m\u001b[0m\n",
      "\u001b[0;32m~/opt/anaconda3/lib/python3.9/site-packages/requests/sessions.py\u001b[0m in \u001b[0;36mrequest\u001b[0;34m(self, method, url, params, data, headers, cookies, files, auth, timeout, allow_redirects, proxies, hooks, stream, verify, cert, json)\u001b[0m\n\u001b[1;32m    585\u001b[0m         }\n\u001b[1;32m    586\u001b[0m         \u001b[0msend_kwargs\u001b[0m\u001b[0;34m.\u001b[0m\u001b[0mupdate\u001b[0m\u001b[0;34m(\u001b[0m\u001b[0msettings\u001b[0m\u001b[0;34m)\u001b[0m\u001b[0;34m\u001b[0m\u001b[0;34m\u001b[0m\u001b[0m\n\u001b[0;32m--> 587\u001b[0;31m         \u001b[0mresp\u001b[0m \u001b[0;34m=\u001b[0m \u001b[0mself\u001b[0m\u001b[0;34m.\u001b[0m\u001b[0msend\u001b[0m\u001b[0;34m(\u001b[0m\u001b[0mprep\u001b[0m\u001b[0;34m,\u001b[0m \u001b[0;34m**\u001b[0m\u001b[0msend_kwargs\u001b[0m\u001b[0;34m)\u001b[0m\u001b[0;34m\u001b[0m\u001b[0;34m\u001b[0m\u001b[0m\n\u001b[0m\u001b[1;32m    588\u001b[0m \u001b[0;34m\u001b[0m\u001b[0m\n\u001b[1;32m    589\u001b[0m         \u001b[0;32mreturn\u001b[0m \u001b[0mresp\u001b[0m\u001b[0;34m\u001b[0m\u001b[0;34m\u001b[0m\u001b[0m\n",
      "\u001b[0;32m~/opt/anaconda3/lib/python3.9/site-packages/requests/sessions.py\u001b[0m in \u001b[0;36msend\u001b[0;34m(self, request, **kwargs)\u001b[0m\n\u001b[1;32m    699\u001b[0m \u001b[0;34m\u001b[0m\u001b[0m\n\u001b[1;32m    700\u001b[0m         \u001b[0;31m# Send the request\u001b[0m\u001b[0;34m\u001b[0m\u001b[0;34m\u001b[0m\u001b[0m\n\u001b[0;32m--> 701\u001b[0;31m         \u001b[0mr\u001b[0m \u001b[0;34m=\u001b[0m \u001b[0madapter\u001b[0m\u001b[0;34m.\u001b[0m\u001b[0msend\u001b[0m\u001b[0;34m(\u001b[0m\u001b[0mrequest\u001b[0m\u001b[0;34m,\u001b[0m \u001b[0;34m**\u001b[0m\u001b[0mkwargs\u001b[0m\u001b[0;34m)\u001b[0m\u001b[0;34m\u001b[0m\u001b[0;34m\u001b[0m\u001b[0m\n\u001b[0m\u001b[1;32m    702\u001b[0m \u001b[0;34m\u001b[0m\u001b[0m\n\u001b[1;32m    703\u001b[0m         \u001b[0;31m# Total elapsed time of the request (approximately)\u001b[0m\u001b[0;34m\u001b[0m\u001b[0;34m\u001b[0m\u001b[0m\n",
      "\u001b[0;32m~/opt/anaconda3/lib/python3.9/site-packages/requests/adapters.py\u001b[0m in \u001b[0;36msend\u001b[0;34m(self, request, stream, timeout, verify, cert, proxies)\u001b[0m\n\u001b[1;32m    545\u001b[0m \u001b[0;34m\u001b[0m\u001b[0m\n\u001b[1;32m    546\u001b[0m         \u001b[0;32mexcept\u001b[0m \u001b[0;34m(\u001b[0m\u001b[0mProtocolError\u001b[0m\u001b[0;34m,\u001b[0m \u001b[0mOSError\u001b[0m\u001b[0;34m)\u001b[0m \u001b[0;32mas\u001b[0m \u001b[0merr\u001b[0m\u001b[0;34m:\u001b[0m\u001b[0;34m\u001b[0m\u001b[0;34m\u001b[0m\u001b[0m\n\u001b[0;32m--> 547\u001b[0;31m             \u001b[0;32mraise\u001b[0m \u001b[0mConnectionError\u001b[0m\u001b[0;34m(\u001b[0m\u001b[0merr\u001b[0m\u001b[0;34m,\u001b[0m \u001b[0mrequest\u001b[0m\u001b[0;34m=\u001b[0m\u001b[0mrequest\u001b[0m\u001b[0;34m)\u001b[0m\u001b[0;34m\u001b[0m\u001b[0;34m\u001b[0m\u001b[0m\n\u001b[0m\u001b[1;32m    548\u001b[0m \u001b[0;34m\u001b[0m\u001b[0m\n\u001b[1;32m    549\u001b[0m         \u001b[0;32mexcept\u001b[0m \u001b[0mMaxRetryError\u001b[0m \u001b[0;32mas\u001b[0m \u001b[0me\u001b[0m\u001b[0;34m:\u001b[0m\u001b[0;34m\u001b[0m\u001b[0;34m\u001b[0m\u001b[0m\n",
      "\u001b[0;31mConnectionError\u001b[0m: ('Connection aborted.', OSError(65, 'No route to host'))"
     ]
    }
   ],
   "source": [
    "api_key = \"6a7a1d7c72791b60828e797ae72b8a50\" #the API personal key\n",
    "\n",
    "total_movies_to_retrieve = 10000 # The number of movies you want to retrieve\n",
    "movies_per_page = 20 # Retrieve 20 movies per page\n",
    "max_page_number = 1000 # The maximum number of pages we go through \n",
    "current_movie_count = 0 # How many movies are retrieved currently\n",
    "list_movies_details = [] # List to strore movies with their details \n",
    "# We go through each pages\n",
    "for page_number in range (1, max_page_number):\n",
    "    \n",
    "    # Break if the wanted number of movies retrieved is reached\n",
    "    if current_movie_count >= total_movies_to_retrieve:\n",
    "        break\n",
    "    \n",
    "    url = \"https://api.themoviedb.org/3/movie/top_rated?api_key=\" + api_key + \"&language=en-US&page=\" + str(page_number)\n",
    " \n",
    "    # Make the API request and parse the JSON response\n",
    "    response = requests.get(url)\n",
    "    movie_data = json.loads(response.text)\n",
    "    \n",
    "    # For each movies of the page, retrieve their details and store them in the list\n",
    "    for movie in movie_data['results']:\n",
    "        id = movie['id']\n",
    "        url_2 = \"https://api.themoviedb.org/3/movie/\" + str(id) + \"?api_key=\" + api_key  \n",
    "        \n",
    "        response_2 = requests.get(url_2)\n",
    "        movie_detail = json.loads(response_2.text)\n",
    "        \n",
    "        list_movies_details.append(movie_detail)\n",
    "    current_movie_count = len(list_movies_details)  \n",
    "\n",
    "# Print the number of movies retrieved\n",
    "print(\"Retrieved\", len(list_movies_details), \"movies.\")\n"
   ]
  },
  {
   "cell_type": "code",
   "execution_count": 29,
   "id": "e55d9c52",
   "metadata": {},
   "outputs": [],
   "source": [
    "movie_df = pd.DataFrame(list_movies_details) # Convert movies_list to a dataframe"
   ]
  },
  {
   "cell_type": "code",
   "execution_count": 31,
   "id": "3d0e0a68",
   "metadata": {},
   "outputs": [
    {
     "data": {
      "text/html": [
       "<div>\n",
       "<style scoped>\n",
       "    .dataframe tbody tr th:only-of-type {\n",
       "        vertical-align: middle;\n",
       "    }\n",
       "\n",
       "    .dataframe tbody tr th {\n",
       "        vertical-align: top;\n",
       "    }\n",
       "\n",
       "    .dataframe thead th {\n",
       "        text-align: right;\n",
       "    }\n",
       "</style>\n",
       "<table border=\"1\" class=\"dataframe\">\n",
       "  <thead>\n",
       "    <tr style=\"text-align: right;\">\n",
       "      <th></th>\n",
       "      <th>adult</th>\n",
       "      <th>backdrop_path</th>\n",
       "      <th>belongs_to_collection</th>\n",
       "      <th>budget</th>\n",
       "      <th>genres</th>\n",
       "      <th>homepage</th>\n",
       "      <th>id</th>\n",
       "      <th>imdb_id</th>\n",
       "      <th>original_language</th>\n",
       "      <th>original_title</th>\n",
       "      <th>...</th>\n",
       "      <th>release_date</th>\n",
       "      <th>revenue</th>\n",
       "      <th>runtime</th>\n",
       "      <th>spoken_languages</th>\n",
       "      <th>status</th>\n",
       "      <th>tagline</th>\n",
       "      <th>title</th>\n",
       "      <th>video</th>\n",
       "      <th>vote_average</th>\n",
       "      <th>vote_count</th>\n",
       "    </tr>\n",
       "  </thead>\n",
       "  <tbody>\n",
       "    <tr>\n",
       "      <th>0</th>\n",
       "      <td>False</td>\n",
       "      <td>/tmU7GeKVybMWFButWEGl2M4GeiP.jpg</td>\n",
       "      <td>{'id': 230, 'name': 'The Godfather Collection'...</td>\n",
       "      <td>6000000</td>\n",
       "      <td>[{'id': 18, 'name': 'Drama'}, {'id': 80, 'name...</td>\n",
       "      <td>http://www.thegodfather.com/</td>\n",
       "      <td>238</td>\n",
       "      <td>tt0068646</td>\n",
       "      <td>en</td>\n",
       "      <td>The Godfather</td>\n",
       "      <td>...</td>\n",
       "      <td>1972-03-14</td>\n",
       "      <td>245066411</td>\n",
       "      <td>175</td>\n",
       "      <td>[{'english_name': 'English', 'iso_639_1': 'en'...</td>\n",
       "      <td>Released</td>\n",
       "      <td>An offer you can't refuse.</td>\n",
       "      <td>The Godfather</td>\n",
       "      <td>False</td>\n",
       "      <td>8.711</td>\n",
       "      <td>17774</td>\n",
       "    </tr>\n",
       "    <tr>\n",
       "      <th>1</th>\n",
       "      <td>False</td>\n",
       "      <td>/iNh3BivHyg5sQRPP1KOkzguEX0H.jpg</td>\n",
       "      <td>None</td>\n",
       "      <td>25000000</td>\n",
       "      <td>[{'id': 18, 'name': 'Drama'}, {'id': 80, 'name...</td>\n",
       "      <td></td>\n",
       "      <td>278</td>\n",
       "      <td>tt0111161</td>\n",
       "      <td>en</td>\n",
       "      <td>The Shawshank Redemption</td>\n",
       "      <td>...</td>\n",
       "      <td>1994-09-23</td>\n",
       "      <td>28341469</td>\n",
       "      <td>142</td>\n",
       "      <td>[{'english_name': 'English', 'iso_639_1': 'en'...</td>\n",
       "      <td>Released</td>\n",
       "      <td>Fear can hold you prisoner. Hope can set you f...</td>\n",
       "      <td>The Shawshank Redemption</td>\n",
       "      <td>False</td>\n",
       "      <td>8.701</td>\n",
       "      <td>23626</td>\n",
       "    </tr>\n",
       "    <tr>\n",
       "      <th>2</th>\n",
       "      <td>False</td>\n",
       "      <td>/ejnlCzBd5pOGAYCpxC93NXSrdrz.jpg</td>\n",
       "      <td>None</td>\n",
       "      <td>0</td>\n",
       "      <td>[{'id': 35, 'name': 'Comedy'}, {'id': 14, 'nam...</td>\n",
       "      <td>https://videocine.com.mx/peliculas/cuando-sea-...</td>\n",
       "      <td>772071</td>\n",
       "      <td>tt12076762</td>\n",
       "      <td>es</td>\n",
       "      <td>Cuando Sea Joven</td>\n",
       "      <td>...</td>\n",
       "      <td>2022-09-14</td>\n",
       "      <td>0</td>\n",
       "      <td>115</td>\n",
       "      <td>[{'english_name': 'Spanish', 'iso_639_1': 'es'...</td>\n",
       "      <td>Released</td>\n",
       "      <td></td>\n",
       "      <td>Cuando Sea Joven</td>\n",
       "      <td>False</td>\n",
       "      <td>8.600</td>\n",
       "      <td>213</td>\n",
       "    </tr>\n",
       "    <tr>\n",
       "      <th>3</th>\n",
       "      <td>False</td>\n",
       "      <td>/kGzFbGhp99zva6oZODW5atUtnqi.jpg</td>\n",
       "      <td>{'id': 230, 'name': 'The Godfather Collection'...</td>\n",
       "      <td>13000000</td>\n",
       "      <td>[{'id': 18, 'name': 'Drama'}, {'id': 80, 'name...</td>\n",
       "      <td></td>\n",
       "      <td>240</td>\n",
       "      <td>tt0071562</td>\n",
       "      <td>en</td>\n",
       "      <td>The Godfather Part II</td>\n",
       "      <td>...</td>\n",
       "      <td>1974-12-20</td>\n",
       "      <td>102600000</td>\n",
       "      <td>202</td>\n",
       "      <td>[{'english_name': 'English', 'iso_639_1': 'en'...</td>\n",
       "      <td>Released</td>\n",
       "      <td>I don't feel I have to wipe everybody out, Tom...</td>\n",
       "      <td>The Godfather Part II</td>\n",
       "      <td>False</td>\n",
       "      <td>8.597</td>\n",
       "      <td>10761</td>\n",
       "    </tr>\n",
       "    <tr>\n",
       "      <th>4</th>\n",
       "      <td>False</td>\n",
       "      <td>/zb6fM1CX41D9rF9hdgclu0peUmy.jpg</td>\n",
       "      <td>None</td>\n",
       "      <td>22000000</td>\n",
       "      <td>[{'id': 18, 'name': 'Drama'}, {'id': 36, 'name...</td>\n",
       "      <td>http://www.schindlerslist.com/</td>\n",
       "      <td>424</td>\n",
       "      <td>tt0108052</td>\n",
       "      <td>en</td>\n",
       "      <td>Schindler's List</td>\n",
       "      <td>...</td>\n",
       "      <td>1993-12-15</td>\n",
       "      <td>321365567</td>\n",
       "      <td>195</td>\n",
       "      <td>[{'english_name': 'German', 'iso_639_1': 'de',...</td>\n",
       "      <td>Released</td>\n",
       "      <td>Whoever saves one life, saves the world entire.</td>\n",
       "      <td>Schindler's List</td>\n",
       "      <td>False</td>\n",
       "      <td>8.569</td>\n",
       "      <td>13974</td>\n",
       "    </tr>\n",
       "    <tr>\n",
       "      <th>...</th>\n",
       "      <td>...</td>\n",
       "      <td>...</td>\n",
       "      <td>...</td>\n",
       "      <td>...</td>\n",
       "      <td>...</td>\n",
       "      <td>...</td>\n",
       "      <td>...</td>\n",
       "      <td>...</td>\n",
       "      <td>...</td>\n",
       "      <td>...</td>\n",
       "      <td>...</td>\n",
       "      <td>...</td>\n",
       "      <td>...</td>\n",
       "      <td>...</td>\n",
       "      <td>...</td>\n",
       "      <td>...</td>\n",
       "      <td>...</td>\n",
       "      <td>...</td>\n",
       "      <td>...</td>\n",
       "      <td>...</td>\n",
       "      <td>...</td>\n",
       "    </tr>\n",
       "    <tr>\n",
       "      <th>5776</th>\n",
       "      <td>False</td>\n",
       "      <td>/zKsNkKOkgtr0vG8OTBkqtcUhUqp.jpg</td>\n",
       "      <td>None</td>\n",
       "      <td>0</td>\n",
       "      <td>[{'id': 35, 'name': 'Comedy'}, {'id': 18, 'nam...</td>\n",
       "      <td>http://www.happygoluckythemovie.com/</td>\n",
       "      <td>10503</td>\n",
       "      <td>tt1045670</td>\n",
       "      <td>en</td>\n",
       "      <td>Happy-Go-Lucky</td>\n",
       "      <td>...</td>\n",
       "      <td>2008-04-18</td>\n",
       "      <td>18696602</td>\n",
       "      <td>118</td>\n",
       "      <td>[{'english_name': 'English', 'iso_639_1': 'en'...</td>\n",
       "      <td>Released</td>\n",
       "      <td>The one movie this fall that will put a smile ...</td>\n",
       "      <td>Happy-Go-Lucky</td>\n",
       "      <td>False</td>\n",
       "      <td>6.569</td>\n",
       "      <td>377</td>\n",
       "    </tr>\n",
       "    <tr>\n",
       "      <th>5777</th>\n",
       "      <td>False</td>\n",
       "      <td>/hExj5Q2lrXZCjZQT0N9j3MHpa9n.jpg</td>\n",
       "      <td>None</td>\n",
       "      <td>11000000</td>\n",
       "      <td>[{'id': 35, 'name': 'Comedy'}, {'id': 10402, '...</td>\n",
       "      <td></td>\n",
       "      <td>9768</td>\n",
       "      <td>tt0099329</td>\n",
       "      <td>en</td>\n",
       "      <td>Cry-Baby</td>\n",
       "      <td>...</td>\n",
       "      <td>1990-04-05</td>\n",
       "      <td>8266343</td>\n",
       "      <td>85</td>\n",
       "      <td>[{'english_name': 'English', 'iso_639_1': 'en'...</td>\n",
       "      <td>Released</td>\n",
       "      <td>Good girls want him bad. Bad girls want him wo...</td>\n",
       "      <td>Cry-Baby</td>\n",
       "      <td>False</td>\n",
       "      <td>6.569</td>\n",
       "      <td>1366</td>\n",
       "    </tr>\n",
       "    <tr>\n",
       "      <th>5778</th>\n",
       "      <td>False</td>\n",
       "      <td>/kmzppWh7ljL6K9fXW72bPN3gKwu.jpg</td>\n",
       "      <td>{'id': 1041695, 'name': 'R.I.P.D. Collection',...</td>\n",
       "      <td>0</td>\n",
       "      <td>[{'id': 28, 'name': 'Action'}, {'id': 35, 'nam...</td>\n",
       "      <td></td>\n",
       "      <td>1013860</td>\n",
       "      <td>tt21094994</td>\n",
       "      <td>en</td>\n",
       "      <td>R.I.P.D. 2: Rise of the Damned</td>\n",
       "      <td>...</td>\n",
       "      <td>2022-11-15</td>\n",
       "      <td>0</td>\n",
       "      <td>102</td>\n",
       "      <td>[{'english_name': 'English', 'iso_639_1': 'en'...</td>\n",
       "      <td>Released</td>\n",
       "      <td>Meet the new law of the Afterlife.</td>\n",
       "      <td>R.I.P.D. 2: Rise of the Damned</td>\n",
       "      <td>False</td>\n",
       "      <td>6.568</td>\n",
       "      <td>453</td>\n",
       "    </tr>\n",
       "    <tr>\n",
       "      <th>5779</th>\n",
       "      <td>False</td>\n",
       "      <td>/x9egVd79MUI7z5PiqHKg4P3r2Lz.jpg</td>\n",
       "      <td>None</td>\n",
       "      <td>0</td>\n",
       "      <td>[{'id': 9648, 'name': 'Mystery'}, {'id': 53, '...</td>\n",
       "      <td>http://watchermovie.com</td>\n",
       "      <td>807356</td>\n",
       "      <td>tt12004038</td>\n",
       "      <td>en</td>\n",
       "      <td>Watcher</td>\n",
       "      <td>...</td>\n",
       "      <td>2022-06-03</td>\n",
       "      <td>2667033</td>\n",
       "      <td>96</td>\n",
       "      <td>[{'english_name': 'English', 'iso_639_1': 'en'...</td>\n",
       "      <td>Released</td>\n",
       "      <td>Evil wants to be seen.</td>\n",
       "      <td>Watcher</td>\n",
       "      <td>False</td>\n",
       "      <td>6.568</td>\n",
       "      <td>522</td>\n",
       "    </tr>\n",
       "    <tr>\n",
       "      <th>5780</th>\n",
       "      <td>False</td>\n",
       "      <td>/rUoGZuscSG4fQP3I56ndadu2A8E.jpg</td>\n",
       "      <td>None</td>\n",
       "      <td>0</td>\n",
       "      <td>[{'id': 28, 'name': 'Action'}, {'id': 35, 'nam...</td>\n",
       "      <td>https://www.netflix.com/title/81253859</td>\n",
       "      <td>729720</td>\n",
       "      <td>tt12808182</td>\n",
       "      <td>fr</td>\n",
       "      <td>Le Dernier Mercenaire</td>\n",
       "      <td>...</td>\n",
       "      <td>2021-07-30</td>\n",
       "      <td>0</td>\n",
       "      <td>110</td>\n",
       "      <td>[{'english_name': 'French', 'iso_639_1': 'fr',...</td>\n",
       "      <td>Released</td>\n",
       "      <td>The daddy of all secret agents.</td>\n",
       "      <td>The Last Mercenary</td>\n",
       "      <td>False</td>\n",
       "      <td>6.568</td>\n",
       "      <td>545</td>\n",
       "    </tr>\n",
       "  </tbody>\n",
       "</table>\n",
       "<p>5781 rows × 25 columns</p>\n",
       "</div>"
      ],
      "text/plain": [
       "      adult                     backdrop_path  \\\n",
       "0     False  /tmU7GeKVybMWFButWEGl2M4GeiP.jpg   \n",
       "1     False  /iNh3BivHyg5sQRPP1KOkzguEX0H.jpg   \n",
       "2     False  /ejnlCzBd5pOGAYCpxC93NXSrdrz.jpg   \n",
       "3     False  /kGzFbGhp99zva6oZODW5atUtnqi.jpg   \n",
       "4     False  /zb6fM1CX41D9rF9hdgclu0peUmy.jpg   \n",
       "...     ...                               ...   \n",
       "5776  False  /zKsNkKOkgtr0vG8OTBkqtcUhUqp.jpg   \n",
       "5777  False  /hExj5Q2lrXZCjZQT0N9j3MHpa9n.jpg   \n",
       "5778  False  /kmzppWh7ljL6K9fXW72bPN3gKwu.jpg   \n",
       "5779  False  /x9egVd79MUI7z5PiqHKg4P3r2Lz.jpg   \n",
       "5780  False  /rUoGZuscSG4fQP3I56ndadu2A8E.jpg   \n",
       "\n",
       "                                  belongs_to_collection    budget  \\\n",
       "0     {'id': 230, 'name': 'The Godfather Collection'...   6000000   \n",
       "1                                                  None  25000000   \n",
       "2                                                  None         0   \n",
       "3     {'id': 230, 'name': 'The Godfather Collection'...  13000000   \n",
       "4                                                  None  22000000   \n",
       "...                                                 ...       ...   \n",
       "5776                                               None         0   \n",
       "5777                                               None  11000000   \n",
       "5778  {'id': 1041695, 'name': 'R.I.P.D. Collection',...         0   \n",
       "5779                                               None         0   \n",
       "5780                                               None         0   \n",
       "\n",
       "                                                 genres  \\\n",
       "0     [{'id': 18, 'name': 'Drama'}, {'id': 80, 'name...   \n",
       "1     [{'id': 18, 'name': 'Drama'}, {'id': 80, 'name...   \n",
       "2     [{'id': 35, 'name': 'Comedy'}, {'id': 14, 'nam...   \n",
       "3     [{'id': 18, 'name': 'Drama'}, {'id': 80, 'name...   \n",
       "4     [{'id': 18, 'name': 'Drama'}, {'id': 36, 'name...   \n",
       "...                                                 ...   \n",
       "5776  [{'id': 35, 'name': 'Comedy'}, {'id': 18, 'nam...   \n",
       "5777  [{'id': 35, 'name': 'Comedy'}, {'id': 10402, '...   \n",
       "5778  [{'id': 28, 'name': 'Action'}, {'id': 35, 'nam...   \n",
       "5779  [{'id': 9648, 'name': 'Mystery'}, {'id': 53, '...   \n",
       "5780  [{'id': 28, 'name': 'Action'}, {'id': 35, 'nam...   \n",
       "\n",
       "                                               homepage       id     imdb_id  \\\n",
       "0                          http://www.thegodfather.com/      238   tt0068646   \n",
       "1                                                            278   tt0111161   \n",
       "2     https://videocine.com.mx/peliculas/cuando-sea-...   772071  tt12076762   \n",
       "3                                                            240   tt0071562   \n",
       "4                        http://www.schindlerslist.com/      424   tt0108052   \n",
       "...                                                 ...      ...         ...   \n",
       "5776               http://www.happygoluckythemovie.com/    10503   tt1045670   \n",
       "5777                                                        9768   tt0099329   \n",
       "5778                                                     1013860  tt21094994   \n",
       "5779                            http://watchermovie.com   807356  tt12004038   \n",
       "5780             https://www.netflix.com/title/81253859   729720  tt12808182   \n",
       "\n",
       "     original_language                  original_title  ... release_date  \\\n",
       "0                   en                   The Godfather  ...   1972-03-14   \n",
       "1                   en        The Shawshank Redemption  ...   1994-09-23   \n",
       "2                   es                Cuando Sea Joven  ...   2022-09-14   \n",
       "3                   en           The Godfather Part II  ...   1974-12-20   \n",
       "4                   en                Schindler's List  ...   1993-12-15   \n",
       "...                ...                             ...  ...          ...   \n",
       "5776                en                  Happy-Go-Lucky  ...   2008-04-18   \n",
       "5777                en                        Cry-Baby  ...   1990-04-05   \n",
       "5778                en  R.I.P.D. 2: Rise of the Damned  ...   2022-11-15   \n",
       "5779                en                         Watcher  ...   2022-06-03   \n",
       "5780                fr           Le Dernier Mercenaire  ...   2021-07-30   \n",
       "\n",
       "        revenue runtime                                   spoken_languages  \\\n",
       "0     245066411     175  [{'english_name': 'English', 'iso_639_1': 'en'...   \n",
       "1      28341469     142  [{'english_name': 'English', 'iso_639_1': 'en'...   \n",
       "2             0     115  [{'english_name': 'Spanish', 'iso_639_1': 'es'...   \n",
       "3     102600000     202  [{'english_name': 'English', 'iso_639_1': 'en'...   \n",
       "4     321365567     195  [{'english_name': 'German', 'iso_639_1': 'de',...   \n",
       "...         ...     ...                                                ...   \n",
       "5776   18696602     118  [{'english_name': 'English', 'iso_639_1': 'en'...   \n",
       "5777    8266343      85  [{'english_name': 'English', 'iso_639_1': 'en'...   \n",
       "5778          0     102  [{'english_name': 'English', 'iso_639_1': 'en'...   \n",
       "5779    2667033      96  [{'english_name': 'English', 'iso_639_1': 'en'...   \n",
       "5780          0     110  [{'english_name': 'French', 'iso_639_1': 'fr',...   \n",
       "\n",
       "        status                                            tagline  \\\n",
       "0     Released                         An offer you can't refuse.   \n",
       "1     Released  Fear can hold you prisoner. Hope can set you f...   \n",
       "2     Released                                                      \n",
       "3     Released  I don't feel I have to wipe everybody out, Tom...   \n",
       "4     Released    Whoever saves one life, saves the world entire.   \n",
       "...        ...                                                ...   \n",
       "5776  Released  The one movie this fall that will put a smile ...   \n",
       "5777  Released  Good girls want him bad. Bad girls want him wo...   \n",
       "5778  Released                 Meet the new law of the Afterlife.   \n",
       "5779  Released                             Evil wants to be seen.   \n",
       "5780  Released                    The daddy of all secret agents.   \n",
       "\n",
       "                               title  video vote_average vote_count  \n",
       "0                      The Godfather  False        8.711      17774  \n",
       "1           The Shawshank Redemption  False        8.701      23626  \n",
       "2                   Cuando Sea Joven  False        8.600        213  \n",
       "3              The Godfather Part II  False        8.597      10761  \n",
       "4                   Schindler's List  False        8.569      13974  \n",
       "...                              ...    ...          ...        ...  \n",
       "5776                  Happy-Go-Lucky  False        6.569        377  \n",
       "5777                        Cry-Baby  False        6.569       1366  \n",
       "5778  R.I.P.D. 2: Rise of the Damned  False        6.568        453  \n",
       "5779                         Watcher  False        6.568        522  \n",
       "5780              The Last Mercenary  False        6.568        545  \n",
       "\n",
       "[5781 rows x 25 columns]"
      ]
     },
     "execution_count": 31,
     "metadata": {},
     "output_type": "execute_result"
    }
   ],
   "source": [
    "movie_df"
   ]
  }
 ],
 "metadata": {
  "kernelspec": {
   "display_name": "Python 3 (ipykernel)",
   "language": "python",
   "name": "python3"
  },
  "language_info": {
   "codemirror_mode": {
    "name": "ipython",
    "version": 3
   },
   "file_extension": ".py",
   "mimetype": "text/x-python",
   "name": "python",
   "nbconvert_exporter": "python",
   "pygments_lexer": "ipython3",
   "version": "3.9.13"
  }
 },
 "nbformat": 4,
 "nbformat_minor": 5
}
